{"__type":"$$EventMessageWorkflow","id":"8c6ff8e5-a5c1-4012-b264-95dfbe2e0d4d","ts":"2025-10-04T19:58:03.658+02:00","eventName":"n8n.workflow.started","message":"n8n.workflow.started","payload":{"executionId":"35","workflowId":"qSaSTX24p85CMlwH","isManual":false,"workflowName":"My workflow"}}
{"__type":"$$EventMessageConfirm","confirm":"8c6ff8e5-a5c1-4012-b264-95dfbe2e0d4d","ts":"2025-10-04T19:58:03.659+02:00","source":{"id":"0","name":"eventBus"}}
{"__type":"$$EventMessageNode","id":"3398fd6e-f416-4b28-8de2-4c2eab8d3491","ts":"2025-10-04T19:58:03.660+02:00","eventName":"n8n.node.started","message":"n8n.node.started","payload":{"workflowId":"qSaSTX24p85CMlwH","workflowName":"My workflow","executionId":"35","nodeType":"n8n-nodes-base.webhook","nodeName":"WHASTAPP","nodeId":"0a4e1910-803a-4688-9648-13cb4c0a77fb"}}
{"__type":"$$EventMessageConfirm","confirm":"3398fd6e-f416-4b28-8de2-4c2eab8d3491","ts":"2025-10-04T19:58:03.660+02:00","source":{"id":"0","name":"eventBus"}}
{"__type":"$$EventMessageNode","id":"17376854-5399-44fd-ac5a-7b31c8382c3d","ts":"2025-10-04T19:58:03.662+02:00","eventName":"n8n.node.finished","message":"n8n.node.finished","payload":{"workflowId":"qSaSTX24p85CMlwH","workflowName":"My workflow","executionId":"35","nodeType":"n8n-nodes-base.webhook","nodeName":"WHASTAPP","nodeId":"0a4e1910-803a-4688-9648-13cb4c0a77fb"}}
{"__type":"$$EventMessageConfirm","confirm":"17376854-5399-44fd-ac5a-7b31c8382c3d","ts":"2025-10-04T19:58:03.662+02:00","source":{"id":"0","name":"eventBus"}}
{"__type":"$$EventMessageNode","id":"0c2e64a8-8c1a-4364-8029-ed10108253f1","ts":"2025-10-04T19:58:03.662+02:00","eventName":"n8n.node.started","message":"n8n.node.started","payload":{"workflowId":"qSaSTX24p85CMlwH","workflowName":"My workflow","executionId":"35","nodeType":"n8n-nodes-base.gmail","nodeName":"Send a message","nodeId":"254a4984-5b15-46ca-90d8-70bcf14d6f03"}}
{"__type":"$$EventMessageConfirm","confirm":"0c2e64a8-8c1a-4364-8029-ed10108253f1","ts":"2025-10-04T19:58:03.662+02:00","source":{"id":"0","name":"eventBus"}}
{"__type":"$$EventMessageNode","id":"ff9cc243-346c-4e66-9f2b-91a0d41bf35b","ts":"2025-10-04T19:58:04.484+02:00","eventName":"n8n.node.finished","message":"n8n.node.finished","payload":{"workflowId":"qSaSTX24p85CMlwH","workflowName":"My workflow","executionId":"35","nodeType":"n8n-nodes-base.gmail","nodeName":"Send a message","nodeId":"254a4984-5b15-46ca-90d8-70bcf14d6f03"}}
{"__type":"$$EventMessageConfirm","confirm":"ff9cc243-346c-4e66-9f2b-91a0d41bf35b","ts":"2025-10-04T19:58:04.485+02:00","source":{"id":"0","name":"eventBus"}}
{"__type":"$$EventMessageWorkflow","id":"b254281f-5048-455c-8bf3-1e2e2a9fb8df","ts":"2025-10-04T19:58:04.486+02:00","eventName":"n8n.workflow.success","message":"n8n.workflow.success","payload":{"executionId":"35","success":true,"isManual":false,"workflowId":"qSaSTX24p85CMlwH","workflowName":"My workflow"}}
{"__type":"$$EventMessageConfirm","confirm":"b254281f-5048-455c-8bf3-1e2e2a9fb8df","ts":"2025-10-04T19:58:04.486+02:00","source":{"id":"0","name":"eventBus"}}
{"__type":"$$EventMessageWorkflow","id":"68ce0463-aca2-48f0-8d0b-6794f2a00aa5","ts":"2025-10-04T19:59:41.475+02:00","eventName":"n8n.workflow.started","message":"n8n.workflow.started","payload":{"executionId":"36","workflowId":"qSaSTX24p85CMlwH","isManual":false,"workflowName":"My workflow"}}
{"__type":"$$EventMessageConfirm","confirm":"68ce0463-aca2-48f0-8d0b-6794f2a00aa5","ts":"2025-10-04T19:59:41.475+02:00","source":{"id":"0","name":"eventBus"}}
{"__type":"$$EventMessageNode","id":"ec04f0b1-93a4-45a0-a819-a37f07707937","ts":"2025-10-04T19:59:41.476+02:00","eventName":"n8n.node.started","message":"n8n.node.started","payload":{"workflowId":"qSaSTX24p85CMlwH","workflowName":"My workflow","executionId":"36","nodeType":"n8n-nodes-base.webhook","nodeName":"WHASTAPP","nodeId":"0a4e1910-803a-4688-9648-13cb4c0a77fb"}}
{"__type":"$$EventMessageConfirm","confirm":"ec04f0b1-93a4-45a0-a819-a37f07707937","ts":"2025-10-04T19:59:41.476+02:00","source":{"id":"0","name":"eventBus"}}
{"__type":"$$EventMessageNode","id":"5bcdff1a-23b0-44f5-9a0b-477b874ffa2e","ts":"2025-10-04T19:59:41.476+02:00","eventName":"n8n.node.finished","message":"n8n.node.finished","payload":{"workflowId":"qSaSTX24p85CMlwH","workflowName":"My workflow","executionId":"36","nodeType":"n8n-nodes-base.webhook","nodeName":"WHASTAPP","nodeId":"0a4e1910-803a-4688-9648-13cb4c0a77fb"}}
{"__type":"$$EventMessageConfirm","confirm":"5bcdff1a-23b0-44f5-9a0b-477b874ffa2e","ts":"2025-10-04T19:59:41.476+02:00","source":{"id":"0","name":"eventBus"}}
{"__type":"$$EventMessageNode","id":"418f8c97-92fc-41cf-b291-a90812d57d35","ts":"2025-10-04T19:59:41.477+02:00","eventName":"n8n.node.started","message":"n8n.node.started","payload":{"workflowId":"qSaSTX24p85CMlwH","workflowName":"My workflow","executionId":"36","nodeType":"n8n-nodes-base.gmail","nodeName":"Send a message","nodeId":"254a4984-5b15-46ca-90d8-70bcf14d6f03"}}
{"__type":"$$EventMessageConfirm","confirm":"418f8c97-92fc-41cf-b291-a90812d57d35","ts":"2025-10-04T19:59:41.477+02:00","source":{"id":"0","name":"eventBus"}}
{"__type":"$$EventMessageNode","id":"b9a2f567-962a-49ea-a0ff-42e79dbf0dbf","ts":"2025-10-04T19:59:42.044+02:00","eventName":"n8n.node.finished","message":"n8n.node.finished","payload":{"workflowId":"qSaSTX24p85CMlwH","workflowName":"My workflow","executionId":"36","nodeType":"n8n-nodes-base.gmail","nodeName":"Send a message","nodeId":"254a4984-5b15-46ca-90d8-70bcf14d6f03"}}
{"__type":"$$EventMessageConfirm","confirm":"b9a2f567-962a-49ea-a0ff-42e79dbf0dbf","ts":"2025-10-04T19:59:42.044+02:00","source":{"id":"0","name":"eventBus"}}
{"__type":"$$EventMessageWorkflow","id":"ddca90cb-0f37-4d66-91cb-89c5caa2b16f","ts":"2025-10-04T19:59:42.045+02:00","eventName":"n8n.workflow.success","message":"n8n.workflow.success","payload":{"executionId":"36","success":true,"isManual":false,"workflowId":"qSaSTX24p85CMlwH","workflowName":"My workflow"}}
{"__type":"$$EventMessageConfirm","confirm":"ddca90cb-0f37-4d66-91cb-89c5caa2b16f","ts":"2025-10-04T19:59:42.045+02:00","source":{"id":"0","name":"eventBus"}}
{"__type":"$$EventMessageWorkflow","id":"d55edc88-dda8-4e24-9aaf-572b9e2852d8","ts":"2025-10-04T20:00:04.629+02:00","eventName":"n8n.workflow.started","message":"n8n.workflow.started","payload":{"executionId":"37","workflowId":"qSaSTX24p85CMlwH","isManual":false,"workflowName":"My workflow"}}
{"__type":"$$EventMessageConfirm","confirm":"d55edc88-dda8-4e24-9aaf-572b9e2852d8","ts":"2025-10-04T20:00:04.630+02:00","source":{"id":"0","name":"eventBus"}}
{"__type":"$$EventMessageNode","id":"a511926a-2528-4ce0-bc43-8441f454ba90","ts":"2025-10-04T20:00:04.630+02:00","eventName":"n8n.node.started","message":"n8n.node.started","payload":{"workflowId":"qSaSTX24p85CMlwH","workflowName":"My workflow","executionId":"37","nodeType":"n8n-nodes-base.webhook","nodeName":"WHASTAPP","nodeId":"0a4e1910-803a-4688-9648-13cb4c0a77fb"}}
{"__type":"$$EventMessageConfirm","confirm":"a511926a-2528-4ce0-bc43-8441f454ba90","ts":"2025-10-04T20:00:04.630+02:00","source":{"id":"0","name":"eventBus"}}
{"__type":"$$EventMessageNode","id":"e46662e5-8cfc-4bd8-ac91-d3196e490bd8","ts":"2025-10-04T20:00:04.631+02:00","eventName":"n8n.node.finished","message":"n8n.node.finished","payload":{"workflowId":"qSaSTX24p85CMlwH","workflowName":"My workflow","executionId":"37","nodeType":"n8n-nodes-base.webhook","nodeName":"WHASTAPP","nodeId":"0a4e1910-803a-4688-9648-13cb4c0a77fb"}}
{"__type":"$$EventMessageConfirm","confirm":"e46662e5-8cfc-4bd8-ac91-d3196e490bd8","ts":"2025-10-04T20:00:04.631+02:00","source":{"id":"0","name":"eventBus"}}
{"__type":"$$EventMessageNode","id":"1590aa94-df2f-4fbd-9e8f-1a76a31fe2fc","ts":"2025-10-04T20:00:04.631+02:00","eventName":"n8n.node.started","message":"n8n.node.started","payload":{"workflowId":"qSaSTX24p85CMlwH","workflowName":"My workflow","executionId":"37","nodeType":"n8n-nodes-base.gmail","nodeName":"Send a message","nodeId":"254a4984-5b15-46ca-90d8-70bcf14d6f03"}}
{"__type":"$$EventMessageConfirm","confirm":"1590aa94-df2f-4fbd-9e8f-1a76a31fe2fc","ts":"2025-10-04T20:00:04.631+02:00","source":{"id":"0","name":"eventBus"}}
{"__type":"$$EventMessageNode","id":"87e31e1f-b3a4-4ea3-8dbf-4c8a66ec16d9","ts":"2025-10-04T20:00:05.254+02:00","eventName":"n8n.node.finished","message":"n8n.node.finished","payload":{"workflowId":"qSaSTX24p85CMlwH","workflowName":"My workflow","executionId":"37","nodeType":"n8n-nodes-base.gmail","nodeName":"Send a message","nodeId":"254a4984-5b15-46ca-90d8-70bcf14d6f03"}}
{"__type":"$$EventMessageConfirm","confirm":"87e31e1f-b3a4-4ea3-8dbf-4c8a66ec16d9","ts":"2025-10-04T20:00:05.254+02:00","source":{"id":"0","name":"eventBus"}}
{"__type":"$$EventMessageWorkflow","id":"33f5c6b1-0f14-4184-a535-a36e248ed1d0","ts":"2025-10-04T20:00:05.256+02:00","eventName":"n8n.workflow.success","message":"n8n.workflow.success","payload":{"executionId":"37","success":true,"isManual":false,"workflowId":"qSaSTX24p85CMlwH","workflowName":"My workflow"}}
{"__type":"$$EventMessageConfirm","confirm":"33f5c6b1-0f14-4184-a535-a36e248ed1d0","ts":"2025-10-04T20:00:05.256+02:00","source":{"id":"0","name":"eventBus"}}
{"__type":"$$EventMessageAudit","id":"fe016c9d-a3ed-45cb-afaa-068832074ca0","ts":"2025-10-04T20:02:39.798+02:00","eventName":"n8n.audit.workflow.updated","message":"n8n.audit.workflow.updated","payload":{"userId":"aea74eea-4c21-4dc7-9475-ddb088797242","_email":"beni4041@gmail.com","_firstName":"Benito","_lastName":"Barrios","globalRole":"global:owner","workflowId":"qSaSTX24p85CMlwH","workflowName":"My workflow"}}
{"__type":"$$EventMessageConfirm","confirm":"fe016c9d-a3ed-45cb-afaa-068832074ca0","ts":"2025-10-04T20:02:39.798+02:00","source":{"id":"0","name":"eventBus"}}
